mode: set
social-service/internal/utils/user.go:10.53,12.9 2 1
social-service/internal/utils/user.go:12.9,14.3 1 1
social-service/internal/utils/user.go:16.2,17.22 2 1
social-service/internal/utils/user.go:17.22,19.3 1 1
social-service/internal/utils/user.go:21.2,21.23 1 1
social-service/internal/database/db.go:14.48,19.16 3 1
social-service/internal/database/db.go:19.16,21.3 1 0
social-service/internal/database/db.go:23.2,23.34 1 1
social-service/internal/database/db.go:23.34,25.3 1 1
social-service/internal/database/db.go:27.2,29.16 2 0
social-service/internal/database/db.go:32.32,34.53 1 1
social-service/internal/database/db.go:34.53,36.3 1 0
social-service/internal/database/db.go:38.2,38.51 1 1
social-service/internal/database/db.go:38.51,40.3 1 1
social-service/internal/database/db.go:42.2,42.12 1 0
social-service/internal/config/config.go:18.21,31.2 1 1
social-service/internal/producer/producer.go:28.69,37.2 1 1
social-service/internal/producer/producer.go:39.79,45.16 3 1
social-service/internal/producer/producer.go:45.16,47.3 1 0
social-service/internal/producer/producer.go:49.2,51.17 1 1
social-service/internal/producer/producer.go:51.17,53.3 1 1
social-service/internal/producer/producer.go:55.2,55.12 1 1
social-service/internal/producer/producer.go:58.40,60.2 1 1
social-service/internal/storage/review.go:20.44,24.2 1 1
social-service/internal/storage/review.go:26.114,42.16 4 1
social-service/internal/storage/review.go:42.16,44.29 2 1
social-service/internal/storage/review.go:44.29,45.29 1 1
social-service/internal/storage/review.go:45.29,47.5 1 1
social-service/internal/storage/review.go:50.3,50.18 1 1
social-service/internal/storage/review.go:53.2,53.27 1 1
social-service/internal/storage/review.go:56.122,68.16 4 1
social-service/internal/storage/review.go:68.16,70.3 1 1
social-service/internal/storage/review.go:72.2,72.15 1 1
social-service/internal/storage/review.go:72.15,73.38 1 1
social-service/internal/storage/review.go:73.38,75.4 1 0
social-service/internal/storage/review.go:78.2,78.18 1 1
social-service/internal/storage/review.go:78.18,90.17 3 1
social-service/internal/storage/review.go:90.17,92.4 1 1
social-service/internal/storage/review.go:94.3,94.36 1 1
social-service/internal/storage/review.go:97.2,97.35 1 1
social-service/internal/storage/review.go:97.35,99.3 1 1
social-service/internal/storage/review.go:101.2,101.21 1 1
social-service/internal/storage/review.go:104.106,115.16 4 1
social-service/internal/storage/review.go:115.16,117.3 1 1
social-service/internal/storage/review.go:118.2,118.15 1 1
social-service/internal/storage/review.go:118.15,119.38 1 1
social-service/internal/storage/review.go:119.38,121.4 1 0
social-service/internal/storage/review.go:124.2,124.18 1 1
social-service/internal/storage/review.go:124.18,136.17 3 1
social-service/internal/storage/review.go:136.17,138.4 1 1
social-service/internal/storage/review.go:140.3,140.36 1 1
social-service/internal/storage/review.go:143.2,143.35 1 1
social-service/internal/storage/review.go:143.35,145.3 1 1
social-service/internal/storage/review.go:147.2,147.21 1 1
social-service/internal/storage/review.go:150.122,155.20 3 1
social-service/internal/storage/review.go:155.20,157.3 1 1
social-service/internal/storage/review.go:157.8,159.3 1 1
social-service/internal/storage/review.go:161.2,170.16 3 1
social-service/internal/storage/review.go:170.16,172.3 1 1
social-service/internal/storage/review.go:173.2,173.15 1 1
social-service/internal/storage/review.go:173.15,174.38 1 1
social-service/internal/storage/review.go:174.38,176.4 1 0
social-service/internal/storage/review.go:179.2,179.18 1 1
social-service/internal/storage/review.go:179.18,191.17 3 1
social-service/internal/storage/review.go:191.17,193.4 1 1
social-service/internal/storage/review.go:195.3,195.36 1 1
social-service/internal/storage/review.go:198.2,198.35 1 1
social-service/internal/storage/review.go:198.35,200.3 1 1
social-service/internal/storage/review.go:202.2,202.21 1 1
social-service/internal/service/review.go:15.64,19.2 1 1
social-service/internal/service/review.go:21.117,23.2 1 1
social-service/internal/service/review.go:25.125,26.19 1 1
social-service/internal/service/review.go:26.19,28.3 1 1
social-service/internal/service/review.go:30.2,30.20 1 1
social-service/internal/service/review.go:30.20,32.3 1 1
social-service/internal/service/review.go:34.2,34.42 1 1
social-service/internal/service/review.go:37.109,38.19 1 1
social-service/internal/service/review.go:38.19,40.3 1 1
social-service/internal/service/review.go:42.2,42.33 1 1
social-service/internal/service/review.go:45.125,46.19 1 1
social-service/internal/service/review.go:46.19,48.3 1 1
social-service/internal/service/review.go:50.2,50.20 1 1
social-service/internal/service/review.go:50.20,52.3 1 1
social-service/internal/service/review.go:54.2,54.42 1 1
social-service/internal/grpc/grpc.go:17.71,27.2 6 1
social-service/internal/app/app.go:14.32,16.16 2 0
social-service/internal/app/app.go:16.16,18.3 1 0
social-service/internal/app/app.go:20.2,20.15 1 0
social-service/internal/app/app.go:20.15,21.36 1 0
social-service/internal/app/app.go:21.36,23.4 1 0
social-service/internal/app/app.go:26.2,26.45 1 0
social-service/internal/app/app.go:26.45,28.3 1 0
social-service/internal/app/app.go:30.2,32.16 3 0
social-service/internal/app/app.go:32.16,34.3 1 0
social-service/internal/app/app.go:36.2,37.15 2 0
social-service/internal/app/app.go:37.15,38.42 1 0
social-service/internal/app/app.go:38.42,40.4 1 0
social-service/internal/app/app.go:43.2,52.37 4 0
social-service/internal/app/app.go:52.37,54.3 1 0
social-service/cmd/main.go:10.13,15.2 3 0
social-service/internal/handlers/review.go:27.105,32.2 1 1
social-service/internal/handlers/review.go:34.134,36.16 2 1
social-service/internal/handlers/review.go:36.16,39.3 2 1
social-service/internal/handlers/review.go:41.2,50.16 4 1
social-service/internal/handlers/review.go:50.16,51.43 1 1
social-service/internal/handlers/review.go:51.43,57.4 2 1
social-service/internal/handlers/review.go:59.3,64.84 2 1
social-service/internal/handlers/review.go:67.2,67.80 1 1
social-service/internal/handlers/review.go:67.80,72.3 1 1
social-service/internal/handlers/review.go:72.8,74.3 1 1
social-service/internal/handlers/review.go:76.2,89.9 2 1
social-service/internal/handlers/review.go:92.119,96.16 3 1
social-service/internal/handlers/review.go:96.16,99.3 2 1
social-service/internal/handlers/review.go:101.2,102.30 2 1
social-service/internal/handlers/review.go:102.30,112.3 1 1
social-service/internal/handlers/review.go:114.2,114.55 1 1
social-service/internal/handlers/review.go:117.140,123.16 3 1
social-service/internal/handlers/review.go:123.16,129.3 2 1
social-service/internal/handlers/review.go:131.2,132.16 2 1
social-service/internal/handlers/review.go:132.16,138.3 2 1
social-service/internal/handlers/review.go:140.2,141.30 2 1
social-service/internal/handlers/review.go:141.30,151.3 1 1
social-service/internal/handlers/review.go:153.2,153.62 1 1
social-service/internal/handlers/review.go:156.140,164.16 3 1
social-service/internal/handlers/review.go:164.16,170.3 2 1
social-service/internal/handlers/review.go:172.2,173.16 2 1
social-service/internal/handlers/review.go:173.16,179.3 2 1
social-service/internal/handlers/review.go:181.2,182.30 2 1
social-service/internal/handlers/review.go:182.30,192.3 1 1
social-service/internal/handlers/review.go:194.2,194.62 1 1
social-service/internal/microservice/microservice.go:16.34,22.2 4 0
social-service/internal/microservice/microservice.go:24.44,26.16 2 0
social-service/internal/microservice/microservice.go:26.16,31.3 1 0
social-service/internal/microservice/microservice.go:33.2,33.13 1 0
